Mplus VERSION 7
MUTHEN & MUTHEN
04/03/2013   2:40 PM

INPUT INSTRUCTIONS

  TITLE: pop2
  DATA: FILE = "C:/Dropbox/R/LearningAnalyses/2_StatisticalMethods/
  Multilevel/MATA_Hox/2BasicModel/MplusAnalyses/pop2.dat";
  VARIABLE: NAMES = pupil class extrav female texp popular poptch Zextrav Zsex Ztexp
  Zpopular Zpoptch Cextrav Ctexp Csex;

  MISSING=.;

  usevariables are popular female extrav texp;

  cluster is class;
  within is female extrav;
  between is texp;



  analysis: type is twolevel random;

  model:
  %within%
  popular on female;
  rs_ex | popular on extrav;


  %between%
  popular on texp;

  popular with rs_ex;

  OUTPUT:  SAMPSTAT CINTERVAL;

  Plot: type = plot1;




INPUT READING TERMINATED NORMALLY



pop2

SUMMARY OF ANALYSIS

Number of groups                                                 1
Number of observations                                        2000

Number of dependent variables                                    1
Number of independent variables                                  3
Number of continuous latent variables                            1

Observed dependent variables

  Continuous
   POPULAR

Observed independent variables
   FEMALE      EXTRAV      TEXP

Continuous latent variables
   RS_EX

Variables with special functions

  Cluster variable      CLASS

  Within variables
   FEMALE      EXTRAV

  Between variables
   TEXP


Estimator                                                      MLR
Information matrix                                        OBSERVED
Maximum number of iterations                                   100
Convergence criterion                                    0.100D-05
Maximum number of EM iterations                                500
Convergence criteria for the EM algorithm
  Loglikelihood change                                   0.100D-02
  Relative loglikelihood change                          0.100D-05
  Derivative                                             0.100D-03
Minimum variance                                         0.100D-03
Maximum number of steepest descent iterations                   20
Maximum number of iterations for H1                           2000
Convergence criterion for H1                             0.100D-03
Optimization algorithm                                         EMA

Input data file(s)
  C:/Dropbox/R/LearningAnalyses/2_StatisticalMethods/Multilevel/MATA_Hox/2BasicM
Input data format  FREE


SUMMARY OF DATA

     Number of missing data patterns             1
     Number of clusters                        100

     Average cluster size       20.000

     Estimated Intraclass Correlations for the Y Variables

                Intraclass              Intraclass
     Variable  Correlation   Variable  Correlation

     POPULAR      0.313



COVARIANCE COVERAGE OF DATA

Minimum covariance coverage value   0.100


     PROPORTION OF DATA PRESENT


           Covariance Coverage
              POPULAR       FEMALE        EXTRAV        TEXP
              ________      ________      ________      ________
 POPULAR        1.000
 FEMALE         1.000         1.000
 EXTRAV         1.000         1.000         1.000
 TEXP           1.000         1.000         1.000         1.000


SAMPLE STATISTICS

NOTE:  The sample statistics for within and between refer to the
       maximum-likelihood estimated within and between covariance
       matrices, respectively.


     ESTIMATED SAMPLE STATISTICS FOR WITHIN


           Means
              POPULAR       FEMALE        EXTRAV        TEXP
              ________      ________      ________      ________
 1              0.000         0.505         5.215         0.000


           Covariances
              POPULAR       FEMALE        EXTRAV        TEXP
              ________      ________      ________      ________
 POPULAR        1.378
 FEMALE         0.339         0.250
 EXTRAV         0.794         0.056         1.593
 TEXP           0.000         0.000         0.000         0.000


           Correlations
              POPULAR       FEMALE        EXTRAV        TEXP
              ________      ________      ________      ________
 POPULAR        1.000
 FEMALE         0.578         1.000
 EXTRAV         0.536         0.089         1.000
 TEXP           0.000         0.000         0.000         0.000


     ESTIMATED SAMPLE STATISTICS FOR BETWEEN


           Means
              POPULAR       FEMALE        EXTRAV        TEXP
              ________      ________      ________      ________
 1              5.078         0.000         0.000        14.300


           Covariances
              POPULAR       FEMALE        EXTRAV        TEXP
              ________      ________      ________      ________
 POPULAR        0.627
 FEMALE         0.000         0.000
 EXTRAV         0.000         0.000         0.000
 TEXP           3.822         0.000         0.000        43.230


           Correlations
              POPULAR       FEMALE        EXTRAV        TEXP
              ________      ________      ________      ________
 POPULAR        1.000
 FEMALE         0.000         0.000
 EXTRAV         0.000         0.000         0.000
 TEXP           0.734         0.000         0.000         1.000


     MAXIMUM LOG-LIKELIHOOD VALUE FOR THE UNRESTRICTED (H1) MODEL IS -2431.148


THE MODEL ESTIMATION TERMINATED NORMALLY



MODEL FIT INFORMATION

Number of Free Parameters                        8

Loglikelihood

          H0 Value                       -2406.403
          H0 Scaling Correction Factor      1.0416
            for MLR

Information Criteria

          Akaike (AIC)                    4828.807
          Bayesian (BIC)                  4873.614
          Sample-Size Adjusted BIC        4848.198
            (n* = (n + 2) / 24)



MODEL RESULTS

                                                    Two-Tailed
                    Estimate       S.E.  Est./S.E.    P-Value

Within Level

 POPULAR    ON
    FEMALE             1.252      0.035     35.690      0.000

 Residual Variances
    POPULAR            0.552      0.021     26.549      0.000

Between Level

 POPULAR    ON
    TEXP               0.091      0.011      8.076      0.000

 POPULAR  WITH
    RS_EX             -0.185      0.040     -4.612      0.000

 Means
    RS_EX              0.453      0.025     18.452      0.000

 Intercepts
    POPULAR            0.738      0.233      3.173      0.002

 Variances
    RS_EX              0.034      0.007      4.598      0.000

 Residual Variances
    POPULAR            1.280      0.272      4.699      0.000


QUALITY OF NUMERICAL RESULTS

     Condition Number for the Information Matrix              0.707E-05
       (ratio of smallest to largest eigenvalue)


CONFIDENCE INTERVALS OF MODEL RESULTS

                  Lower .5%  Lower 2.5%    Lower 5%    Estimate    Upper 5%  Upper 2.5%   Upper .5%

Within Level

 POPULAR  ON
    FEMALE           1.162       1.184       1.195       1.252       1.310       1.321       1.343

 Residual Variances
    POPULAR          0.498       0.511       0.518       0.552       0.586       0.593       0.605

Between Level

 POPULAR  ON
    TEXP             0.062       0.069       0.072       0.091       0.109       0.113       0.120

 POPULAR  WITH
    RS_EX           -0.288      -0.263      -0.251      -0.185      -0.119      -0.106      -0.082

 Means
    RS_EX            0.389       0.405       0.412       0.453       0.493       0.501       0.516

 Intercepts
    POPULAR          0.139       0.282       0.355       0.738       1.120       1.194       1.337

 Variances
    RS_EX            0.015       0.019       0.022       0.034       0.046       0.048       0.053

 Residual Variances
    POPULAR          0.579       0.746       0.832       1.280       1.729       1.814       1.982


PLOT INFORMATION

The following plots are available:

  Histograms of sample values
  Scatterplots (sample values)

DIAGRAM INFORMATION

  Mplus diagrams are currently not available for multilevel analysis.
  No diagram output was produced.


     Beginning Time:  14:40:10
        Ending Time:  14:40:10
       Elapsed Time:  00:00:00



MUTHEN & MUTHEN
3463 Stoner Ave.
Los Angeles, CA  90066

Tel: (310) 391-9971
Fax: (310) 391-8971
Web: www.StatModel.com
Support: Support@StatModel.com

Copyright (c) 1998-2012 Muthen & Muthen
