Mplus VERSION 7
MUTHEN & MUTHEN
03/18/2013  11:10 AM

INPUT INSTRUCTIONS

  TITLE: Your title goes here
  DATA: FILE = "C:\RStudioProjects\MplusTutorials\data\pop2md.dat";
  VARIABLE: NAMES = pupil class extrav sex texp popular popteach Zextrav Zsex Ztexp
       Zpopular Zpopteach Cextrav Ctexp Csex id;

  MISSING=.;

*** WARNING
  Variable name contains more than 8 characters.
  Only the first 8 characters will be printed in the output.
  Variable: ZPOPTEACH
*** ERROR in DATA command
  The file specified for the FILE option cannot be found.  Check that this
  file exists:  C:\RStudioProjects\MplusTutorials\data\pop2md.dat


MUTHEN & MUTHEN
3463 Stoner Ave.
Los Angeles, CA  90066

Tel: (310) 391-9971
Fax: (310) 391-8971
Web: www.StatModel.com
Support: Support@StatModel.com

Copyright (c) 1998-2012 Muthen & Muthen
